{
  "RSpec": {
    "coverage": {
      "/Users/Kyra/Documents/coding/Turing/module_3/The-Pivot/app/models/user.rb": [
        1,
        1,
        1,
        1,
        1,
        null,
        1,
        1,
        null,
        1,
        null
      ],
      "/Users/Kyra/Documents/coding/Turing/module_3/The-Pivot/app/helpers/application_helper.rb": [
        1,
        1,
        0,
        null,
        null
      ],
      "/Users/Kyra/Documents/coding/Turing/module_3/The-Pivot/app/controllers/cart_controller.rb": [
        1,
        1,
        22,
        null,
        null,
        1,
        19,
        19,
        19,
        19,
        null,
        19,
        19,
        null,
        null,
        1,
        1,
        1,
        1,
        null,
        1,
        1,
        null,
        null
      ],
      "/Users/Kyra/Documents/coding/Turing/module_3/The-Pivot/app/controllers/application_controller.rb": [
        1,
        1,
        1,
        null,
        1,
        null,
        1,
        296,
        null,
        null,
        1,
        509,
        null,
        null,
        1,
        104,
        2,
        2,
        null,
        null,
        null,
        1,
        116,
        2,
        2,
        null,
        null,
        null,
        1,
        null,
        null
      ],
      "/Users/Kyra/Documents/coding/Turing/module_3/The-Pivot/app/models/cart.rb": [
        1,
        1,
        null,
        1,
        301,
        null,
        null,
        1,
        12,
        12,
        29,
        12,
        null,
        null,
        1,
        34,
        34,
        null,
        null,
        1,
        3,
        1,
        null,
        2,
        null,
        null,
        null,
        1,
        null,
        1,
        29,
        null,
        null,
        null
      ],
      "/Users/Kyra/Documents/coding/Turing/module_3/The-Pivot/app/models/category.rb": [
        1,
        1,
        1,
        1,
        1,
        null
      ],
      "/Users/Kyra/Documents/coding/Turing/module_3/The-Pivot/app/models/item_category.rb": [
        1,
        1,
        1,
        1,
        null
      ],
      "/Users/Kyra/Documents/coding/Turing/module_3/The-Pivot/app/models/item.rb": [
        1,
        1,
        1,
        1,
        1,
        1,
        1,
        1,
        1,
        null,
        1,
        14,
        null,
        null
      ],
      "/Users/Kyra/Documents/coding/Turing/module_3/The-Pivot/app/uploaders/avatar_uploader.rb": [
        null,
        null,
        1,
        null,
        null,
        1,
        null,
        null,
        null,
        1,
        null,
        null,
        null,
        null,
        null,
        null,
        null,
        null,
        null,
        1,
        null,
        null,
        45,
        null,
        null,
        null,
        null,
        1,
        null,
        null,
        null,
        null,
        null,
        null,
        1,
        1,
        null,
        null,
        null,
        null,
        null,
        null,
        null,
        null,
        null,
        null,
        null,
        null,
        null,
        null,
        null
      ],
      "/Users/Kyra/Documents/coding/Turing/module_3/The-Pivot/app/models/order.rb": [
        1,
        1,
        1,
        2,
        2,
        2,
        2,
        null,
        1,
        0,
        null,
        null,
        1,
        0,
        null,
        null,
        1,
        2,
        null,
        null,
        1,
        41,
        null,
        null,
        1,
        27,
        27,
        41,
        41,
        null,
        null,
        null,
        1,
        14,
        21,
        null,
        null,
        null,
        1,
        7,
        null,
        null,
        1,
        4,
        null,
        0,
        null,
        1,
        null,
        1,
        null,
        1,
        null,
        1,
        null,
        null,
        null,
        1,
        null,
        1,
        68,
        null,
        null,
        null
      ],
      "/Users/Kyra/Documents/coding/Turing/module_3/The-Pivot/app/controllers/sessions_controller.rb": [
        1,
        1,
        null,
        null,
        1,
        35,
        35,
        34,
        34,
        34,
        26,
        null,
        8,
        null,
        null,
        1,
        1,
        null,
        null,
        null,
        1,
        1,
        1,
        1,
        null,
        null
      ],
      "/Users/Kyra/Documents/coding/Turing/module_3/The-Pivot/app/controllers/admin/dashboard_controller.rb": [
        1,
        1,
        1,
        1,
        null,
        1,
        null,
        null,
        1,
        null,
        null,
        null
      ],
      "/Users/Kyra/Documents/coding/Turing/module_3/The-Pivot/app/controllers/admin/categories_controller.rb": [
        1,
        1,
        1,
        1,
        1,
        null,
        1,
        10,
        null,
        null,
        1,
        8,
        null,
        null,
        1,
        6,
        null,
        null,
        1,
        3,
        3,
        2,
        2,
        null,
        1,
        1,
        null,
        null,
        null,
        1,
        null,
        1,
        8,
        null,
        null,
        1,
        3,
        null,
        null
      ],
      "/Users/Kyra/Documents/coding/Turing/module_3/The-Pivot/app/controllers/admin/item_categories_controller.rb": [
        1,
        1,
        1,
        1,
        1,
        1,
        1,
        null,
        1,
        14,
        null,
        null,
        1,
        null,
        null,
        1,
        3,
        3,
        null,
        3,
        2,
        2,
        null,
        1,
        1,
        null,
        null,
        null,
        1,
        null,
        null,
        1,
        1,
        1,
        null,
        1,
        null,
        null,
        1,
        null,
        1,
        3,
        null,
        null,
        1,
        6,
        null,
        null,
        1,
        1,
        null,
        null,
        1,
        18,
        null,
        null
      ],
      "/Users/Kyra/Documents/coding/Turing/module_3/The-Pivot/app/controllers/admin/items_controller.rb": [
        1,
        1,
        1,
        1,
        1,
        null,
        1,
        11,
        null,
        null,
        1,
        null,
        null,
        1,
        3,
        2,
        2,
        null,
        1,
        1,
        null,
        null,
        null,
        1,
        6,
        null,
        null,
        1,
        null,
        null,
        1,
        3,
        3,
        2,
        2,
        null,
        1,
        1,
        null,
        null,
        null,
        1,
        1,
        1,
        1,
        null,
        0,
        0,
        null,
        null,
        null,
        1,
        null,
        1,
        6,
        null,
        null,
        1,
        8,
        null,
        null
      ],
      "/Users/Kyra/Documents/coding/Turing/module_3/The-Pivot/app/controllers/admin/orders_controller.rb": [
        1,
        1,
        1,
        1,
        1,
        null,
        1,
        7,
        null,
        7,
        null,
        null,
        1,
        null,
        null,
        1,
        1,
        1,
        1,
        null,
        0,
        0,
        null,
        null,
        null,
        1,
        null,
        1,
        5,
        null,
        null,
        1,
        1,
        null,
        null,
        1,
        7,
        null,
        null,
        1,
        null
      ],
      "/Users/Kyra/Documents/coding/Turing/module_3/The-Pivot/app/controllers/home_page_controller.rb": [
        1,
        1,
        19,
        null,
        null
      ],
      "/Users/Kyra/Documents/coding/Turing/module_3/The-Pivot/app/controllers/orders_controller.rb": [
        1,
        1,
        null,
        1,
        10,
        null,
        null,
        1,
        6,
        6,
        6,
        6,
        null,
        null,
        null,
        null
      ],
      "/Users/Kyra/Documents/coding/Turing/module_3/The-Pivot/app/controllers/items_controller.rb": [
        1,
        1,
        null,
        1,
        13,
        null,
        null,
        1,
        null,
        null,
        1,
        null,
        1,
        27,
        null,
        null
      ]
    },
    "timestamp": 1427762012
  }
}
